
> dtf-print-services@0.1.0 build
> prisma generate && next build

Environment variables loaded from .env
Prisma schema loaded from prisma/schema.prisma

✔ Generated Prisma Client (v6.17.1) to ./node_modules/@prisma/client in 543ms

Start by importing your Prisma Client (See: https://pris.ly/d/importing-client)

Tip: Interested in query caching in just a few lines of code? Try Accelerate today! https://pris.ly/tip-3-accelerate

   ▲ Next.js 15.5.5
   - Environments: .env
   - Experiments (use with caution):
     · serverActions

   Creating an optimized production build ...
 ✓ Compiled successfully in 25.7s
   Linting and checking validity of types ...
Failed to compile.

./src/app/api/cart/route.ts:92:32
Type error: Property 'extras' does not exist on type 'string | number | boolean | JsonObject | JsonArray'.
  Property 'extras' does not exist on type 'string'.

[0m [90m 90 |[39m       [90m// IMPORTANTE: Sumar extras al subtotal del item (excepto priorización que es global)[39m
 [90m 91 |[39m       [36mlet[39m extrasTotal [33m=[39m [35m0[39m
[31m[1m>[22m[39m[90m 92 |[39m       [36mif[39m (item[33m.[39mcustomizations[33m?[39m[33m.[39mextras) {
 [90m    |[39m                                [31m[1m^[22m[39m
 [90m 93 |[39m         [90m// Maquetación y Corte se suman por item[39m
 [90m 94 |[39m         [36mif[39m (item[33m.[39mcustomizations[33m.[39mextras[33m.[39mlayout) {
 [90m 95 |[39m           extrasTotal [33m+=[39m [33mNumber[39m(item[33m.[39mcustomizations[33m.[39mextras[33m.[39mlayout[33m.[39mprice [33m||[39m [35m0[39m)[0m
Next.js build worker exited with code: 1 and signal: null
